#
# A fatal error has been detected by the Java Runtime Environment:
#
#  SIGSEGV (0xb) at pc=0xb583fbcb, pid=27454, tid=2424826736
#
# JRE version: 6.0_20-b20
# Java VM: OpenJDK Client VM (19.0-b09 mixed mode linux-x86 )
# Derivative: IcedTea6 1.9.9
# Distribution: Fedora release 14 (Laughlin), package fedora-54.1.9.9.fc14-i386
# Problematic frame:
# J  java.util.regex.Pattern.compile()V
#
# If you would like to submit a bug report, please include
# instructions how to reproduce the bug and visit:
#   http://icedtea.classpath.org/bugzilla
#

---------------  T H R E A D  ---------------

Current thread (0x90463c00):  JavaThread "clojure-agent-send-off-pool-0" [_thread_in_Java, id=27468, stack(0x9082e000,0x9087f000)]

siginfo:si_signo=SIGSEGV: si_errno=0, si_code=128 (), si_addr=0x00000000

Registers:
EAX=0xb1815660, EBX=0x00000000, ECX=0xb1815660, EDX=0x00000001
ESP=0x9087db20, EBP=0x9087dbbc, ESI=0x00000001, EDI=0x00000001
EIP=0xb583fbcb, CR2=0xb740f100, EFLAGS=0x00010296

Register to memory mapping:

EAX=0xb1815660
java.lang.String 
 - klass: 'java/lang/String'

EBX=0x00000000
0x00000000 is pointing to unknown location

ECX=0xb1815660
java.lang.String 
 - klass: 'java/lang/String'

EDX=0x00000001
0x00000001 is pointing to unknown location

ESP=0x9087db20
0x9087db20 is pointing into the stack for thread: 0x90463c00
"clojure-agent-send-off-pool-0" prio=10 tid=0x90463c00 nid=0x6b4c runnable [0x00000000]
   java.lang.Thread.State: RUNNABLE

EBP=0x9087dbbc
0x9087dbbc is pointing into the stack for thread: 0x90463c00
"clojure-agent-send-off-pool-0" prio=10 tid=0x90463c00 nid=0x6b4c runnable [0x00000000]
   java.lang.Thread.State: RUNNABLE

ESI=0x00000001
0x00000001 is pointing to unknown location

EDI=0x00000001
0x00000001 is pointing to unknown location


Top of Stack: (sp=0x9087db20)
0x9087db20:   917b06d8 00000000 0000003c 917b0788
0x9087db30:   0000003b 917affa8 9087db84 b5702f87
0x9087db40:   00000021 0000003c 9087dbec b577b430
0x9087db50:   917b0810 00000000 00000001 00000001
0x9087db60:   00000000 9087db5c 917b0770 b5771067
0x9087db70:   917b0810 00000000 b16da460 00000000
0x9087db80:   917b0810 9087dbbc 9087dbbc b5702e21
0x9087db90:   00000000 b5702e21 917b0810 9087db9c 

Instructions: (pc=0xb583fbcb)
0xb583fbbb:   8b 41 24 3b 00 8b d6 8b c8 89 74 24 3c 90 90 90
0xb583fbcb:   e8 60 2d 00 00 81 f8 00 00 01 00 0f 8d 44 00 00 

Stack: [0x9082e000,0x9087f000],  sp=0x9087db20,  free space=318k
Native frames: (J=compiled Java code, j=interpreted, Vv=VM code, C=native code)
J  java.util.regex.Pattern.compile()V
j  java.util.regex.Pattern.compile(Ljava/lang/String;I)Ljava/util/regex/Pattern;+6
j  java.lang.String.replace(Ljava/lang/CharSequence;Ljava/lang/CharSequence;)Ljava/lang/String;+6
j  ccw.complete$classname.invoke(Ljava/lang/Object;)Ljava/lang/Object;+33
j  ccw.complete$fn__313$iter__314__318$fn__319.invoke()Ljava/lang/Object;+321
J  clojure.lang.LazySeq.sval()Ljava/lang/Object;
j  clojure.core$doall.invoke(Ljava/lang/Object;)Ljava/lang/Object;+10
j  ccw.complete$fn__313.invoke()Ljava/lang/Object;+34
j  clojure.core$binding_conveyor_fn$fn__4125.invoke()Ljava/lang/Object;+14
j  clojure.lang.AFn.call()Ljava/lang/Object;+1
j  java.util.concurrent.FutureTask$Sync.innerRun()V+29
j  java.util.concurrent.FutureTask.run()V+4
j  java.util.concurrent.ThreadPoolExecutor.runWorker(Ljava/util/concurrent/ThreadPoolExecutor$Worker;)V+46
j  java.util.concurrent.ThreadPoolExecutor$Worker.run()V+5
j  java.lang.Thread.run()V+11
v  ~StubRoutines::call_stub
V  [libjvm.so+0x204882]
V  [libjvm.so+0x2feff9]
V  [libjvm.so+0x203d7f]
V  [libjvm.so+0x2041fa]
V  [libjvm.so+0x204358]
V  [libjvm.so+0x23aa3f]
V  [libjvm.so+0x3a7828]
V  [libjvm.so+0x3a7997]
V  [libjvm.so+0x2fd171]
C  [libpthread.so.0+0x5e99]


---------------  P R O C E S S  ---------------

Java Threads: ( => current thread )
  0xb77a7400 JavaThread "clojure-agent-send-off-pool-1" [_thread_in_Java, id=27469, stack(0x8ffaf000,0x90000000)]
=>0x90463c00 JavaThread "clojure-agent-send-off-pool-0" [_thread_in_Java, id=27468, stack(0x9082e000,0x9087f000)]
  0xb776f800 JavaThread "Low Memory Detector" daemon [_thread_blocked, id=27465, stack(0x9100d000,0x9105e000)]
  0xb776d800 JavaThread "CompilerThread0" daemon [_thread_in_native, id=27464, stack(0x90b7f000,0x90c00000)]
  0xb776c400 JavaThread "Signal Dispatcher" daemon [_thread_blocked, id=27463, stack(0x9105e000,0x910af000)]
  0xb775cc00 JavaThread "Finalizer" daemon [_thread_blocked, id=27462, stack(0x910af000,0x91100000)]
  0xb775b400 JavaThread "Reference Handler" daemon [_thread_blocked, id=27461, stack(0x91219000,0x9126a000)]
  0xb7704c00 JavaThread "main" [_thread_in_vm, id=27455, stack(0xb784e000,0xb789f000)]

Other Threads:
  0xb7757400 VMThread [stack: 0x9126a000,0x912eb000] [id=27460]
  0xb7771c00 WatcherThread [stack: 0x9087f000,0x90900000] [id=27466]

VM state:not at safepoint (normal execution)

VM Mutex/Monitor currently owned by a thread: None

Heap
 def new generation   total 4928K, used 1725K [0x91680000, 0x91bd0000, 0x9c120000)
  eden space 4416K,  34% used [0x91680000, 0x917ff140, 0x91ad0000)
  from space 512K,  37% used [0x91b50000, 0x91b80330, 0x91bd0000)
  to   space 512K,   0% used [0x91ad0000, 0x91ad0000, 0x91b50000)
 tenured generation   total 10944K, used 1440K [0x9c120000, 0x9cbd0000, 0xb1680000)
   the space 10944K,  13% used [0x9c120000, 0x9c288100, 0x9c288200, 0x9cbd0000)
 compacting perm gen  total 12288K, used 8703K [0xb1680000, 0xb2280000, 0xb5680000)
   the space 12288K,  70% used [0xb1680000, 0xb1efff80, 0xb1f00000, 0xb2280000)
No shared spaces configured.

Dynamic libraries:
00110000-00138000 r-xp 00000000 fd:00 1311421    /lib/libm-2.13.so
00138000-00139000 r--p 00027000 fd:00 1311421    /lib/libm-2.13.so
00139000-0013a000 rw-p 00028000 fd:00 1311421    /lib/libm-2.13.so
0039d000-003a3000 r-xp 00000000 fd:00 1979793    /usr/lib/jvm/java-1.6.0-openjdk-1.6.0.0/jre/lib/i386/native_threads/libhpi.so
003a3000-003a4000 rw-p 00006000 fd:00 1979793    /usr/lib/jvm/java-1.6.0-openjdk-1.6.0.0/jre/lib/i386/native_threads/libhpi.so
003cc000-003ee000 r-xp 00000000 fd:00 1979772    /usr/lib/jvm/java-1.6.0-openjdk-1.6.0.0/jre/lib/i386/libjava.so
003ee000-003f0000 rw-p 00022000 fd:00 1979772    /usr/lib/jvm/java-1.6.0-openjdk-1.6.0.0/jre/lib/i386/libjava.so
00710000-0072d000 r-xp 00000000 fd:00 1311417    /lib/ld-2.13.so
0072d000-0072e000 r--p 0001c000 fd:00 1311417    /lib/ld-2.13.so
0072e000-0072f000 rw-p 0001d000 fd:00 1311417    /lib/ld-2.13.so
00735000-008b8000 r-xp 00000000 fd:00 1311419    /lib/libc-2.13.so
008b8000-008b9000 ---p 00183000 fd:00 1311419    /lib/libc-2.13.so
008b9000-008bb000 r--p 00183000 fd:00 1311419    /lib/libc-2.13.so
008bb000-008bc000 rw-p 00185000 fd:00 1311419    /lib/libc-2.13.so
008bc000-008bf000 rw-p 00000000 00:00 0 
008c1000-008c4000 r-xp 00000000 fd:00 1968698    /usr/lib/jvm/java-1.6.0-openjdk-1.6.0.0/jre/lib/i386/jli/libjli.so
008c4000-008c5000 rw-p 00002000 fd:00 1968698    /usr/lib/jvm/java-1.6.0-openjdk-1.6.0.0/jre/lib/i386/jli/libjli.so
008ed000-008f0000 r-xp 00000000 fd:00 1311450    /lib/libdl-2.13.so
008f0000-008f1000 r--p 00002000 fd:00 1311450    /lib/libdl-2.13.so
008f1000-008f2000 rw-p 00003000 fd:00 1311450    /lib/libdl-2.13.so
008f4000-0090b000 r-xp 00000000 fd:00 1311444    /lib/libpthread-2.13.so
0090b000-0090c000 r--p 00016000 fd:00 1311444    /lib/libpthread-2.13.so
0090c000-0090d000 rw-p 00017000 fd:00 1311444    /lib/libpthread-2.13.so
0090d000-0090f000 rw-p 00000000 00:00 0 
00930000-00944000 r-xp 00000000 fd:00 1311427    /lib/libz.so.1.2.5
00944000-00945000 rw-p 00013000 fd:00 1311427    /lib/libz.so.1.2.5
00947000-0094e000 r-xp 00000000 fd:00 1312260    /lib/librt-2.13.so
0094e000-0094f000 r--p 00006000 fd:00 1312260    /lib/librt-2.13.so
0094f000-00950000 rw-p 00007000 fd:00 1312260    /lib/librt-2.13.so
00b2f000-00b35000 r-xp 00000000 fd:00 1979792    /usr/lib/jvm/java-1.6.0-openjdk-1.6.0.0/jre/lib/i386/libzip.so
00b35000-00b36000 rw-p 00005000 fd:00 1979792    /usr/lib/jvm/java-1.6.0-openjdk-1.6.0.0/jre/lib/i386/libzip.so
00d26000-00d31000 r-xp 00000000 fd:00 1979791    /usr/lib/jvm/java-1.6.0-openjdk-1.6.0.0/jre/lib/i386/libverify.so
00d31000-00d32000 rw-p 0000b000 fd:00 1979791    /usr/lib/jvm/java-1.6.0-openjdk-1.6.0.0/jre/lib/i386/libverify.so
00e1e000-00e1f000 r-xp 00000000 00:00 0          [vdso]
00e1f000-01265000 r-xp 00000000 fd:00 1979756    /usr/lib/jvm/java-1.6.0-openjdk-1.6.0.0/jre/lib/i386/client/libjvm.so
01265000-01289000 rw-p 00445000 fd:00 1979756    /usr/lib/jvm/java-1.6.0-openjdk-1.6.0.0/jre/lib/i386/client/libjvm.so
01289000-016a5000 rw-p 00000000 00:00 0 
07233000-0724a000 r-xp 00000000 fd:00 1312271    /lib/libnsl-2.13.so
0724a000-0724b000 r--p 00016000 fd:00 1312271    /lib/libnsl-2.13.so
0724b000-0724c000 rw-p 00017000 fd:00 1312271    /lib/libnsl-2.13.so
0724c000-0724e000 rw-p 00000000 00:00 0 
08048000-08050000 r-xp 00000000 fd:00 2757260    /usr/lib/jvm/java-1.6.0-openjdk-1.6.0.0/bin/java
08050000-08052000 rw-p 00007000 fd:00 2757260    /usr/lib/jvm/java-1.6.0-openjdk-1.6.0.0/bin/java
09bfb000-09c1c000 rw-p 00000000 00:00 0          [heap]
8fe00000-8fe62000 rw-p 00000000 00:00 0 
8fe62000-8ff00000 ---p 00000000 00:00 0 
8ffaf000-8ffb2000 ---p 00000000 00:00 0 
8ffb2000-90000000 rw-p 00000000 00:00 0 
90000000-900fa000 rw-p 00000000 00:00 0 
900fa000-90100000 ---p 00000000 00:00 0 
90100000-901fb000 rw-p 00000000 00:00 0 
901fb000-90200000 ---p 00000000 00:00 0 
90200000-902f9000 rw-p 00000000 00:00 0 
902f9000-90300000 ---p 00000000 00:00 0 
90300000-903fd000 rw-p 00000000 00:00 0 
903fd000-90400000 ---p 00000000 00:00 0 
90400000-904f8000 rw-p 00000000 00:00 0 
904f8000-90500000 ---p 00000000 00:00 0 
90500000-905f6000 rw-p 00000000 00:00 0 
905f6000-90600000 ---p 00000000 00:00 0 
90600000-906f7000 rw-p 00000000 00:00 0 
906f7000-90700000 ---p 00000000 00:00 0 
90700000-90721000 rw-p 00000000 00:00 0 
90721000-90800000 ---p 00000000 00:00 0 
9082e000-90831000 ---p 00000000 00:00 0 
90831000-9087f000 rw-p 00000000 00:00 0 
9087f000-90880000 ---p 00000000 00:00 0 
90880000-90900000 rw-p 00000000 00:00 0 
90900000-90987000 rw-p 00000000 00:00 0 
90987000-90a00000 ---p 00000000 00:00 0 
90a00000-90a21000 rw-p 00000000 00:00 0 
90a21000-90b00000 ---p 00000000 00:00 0 
90b41000-90b7f000 r--s 00328000 00:15 117572947  /misc/home/agaxx010/workspace/TheBakeryAlgorithm/clojure.jar
90b7f000-90b82000 ---p 00000000 00:00 0 
90b82000-90c00000 rw-p 00000000 00:00 0 
90c00000-90e00000 r--p 00000000 fd:00 682426     /usr/lib/locale/locale-archive
90e00000-90e21000 rw-p 00000000 00:00 0 
90e21000-90f00000 ---p 00000000 00:00 0 
90f00000-90f21000 rw-p 00000000 00:00 0 
90f21000-91000000 ---p 00000000 00:00 0 
9100d000-91010000 ---p 00000000 00:00 0 
91010000-9105e000 rw-p 00000000 00:00 0 
9105e000-91061000 ---p 00000000 00:00 0 
91061000-910af000 rw-p 00000000 00:00 0 
910af000-910b2000 ---p 00000000 00:00 0 
910b2000-91100000 rw-p 00000000 00:00 0 
91100000-91121000 rw-p 00000000 00:00 0 
91121000-91200000 ---p 00000000 00:00 0 
91219000-9121c000 ---p 00000000 00:00 0 
9121c000-9126a000 rw-p 00000000 00:00 0 
9126a000-9126b000 ---p 00000000 00:00 0 
9126b000-912eb000 rw-p 00000000 00:00 0 
912eb000-912ed000 r--s 0001d000 fd:00 1838137    /usr/lib/jvm/java-1.6.0-openjdk-1.6.0.0/jre/lib/plugin.jar
912ed000-912f2000 r--s 00045000 fd:00 1838136    /usr/lib/jvm/java-1.6.0-openjdk-1.6.0.0/jre/lib/netx.jar
912f2000-91325000 rw-p 00000000 00:00 0 
91325000-914b4000 r--s 038c2000 fd:00 1838142    /usr/lib/jvm/java-1.6.0-openjdk-1.6.0.0/jre/lib/rt.jar
914b4000-914ba000 rw-p 00000000 00:00 0 
914ba000-9155f000 rw-p 00000000 00:00 0 
9155f000-91562000 rw-p 00000000 00:00 0 
91562000-915b4000 rw-p 00000000 00:00 0 
915b4000-915ba000 rw-p 00000000 00:00 0 
915ba000-9165f000 rw-p 00000000 00:00 0 
9165f000-91665000 rw-p 00000000 00:00 0 
91665000-9167f000 rw-p 00000000 00:00 0 
9167f000-91bd0000 rw-p 00000000 00:00 0 
91bd0000-9c120000 rw-p 00000000 00:00 0 
9c120000-9cbd0000 rw-p 00000000 00:00 0 
9cbd0000-b1680000 rw-p 00000000 00:00 0 
b1680000-b2280000 rw-p 00000000 00:00 0 
b2280000-b5680000 rw-p 00000000 00:00 0 
b5680000-b5686000 rw-p 00000000 00:00 0 
b5686000-b5700000 rw-p 00000000 00:00 0 
b5700000-b5848000 rwxp 00000000 00:00 0 
b5848000-b77f3000 rw-p 00000000 00:00 0 
b77f3000-b7800000 ---p 00000000 00:00 0 
b7800000-b7806000 r--s 000fc000 fd:00 1838140    /usr/lib/jvm/java-1.6.0-openjdk-1.6.0.0/jre/lib/resources.jar
b7806000-b7809000 r--s 0000a000 00:15 124126017  /misc/home/agaxx010/.eclipse/155965261/plugins/org.clojure.tools.nrepl_0.2.0.GAMMA010.jar
b7809000-b780d000 r--s 0007c000 fd:00 1839242    /usr/lib/jvm/java-1.6.0-openjdk-1.6.0.0/jre/lib/jsse.jar
b780d000-b7816000 r--s 00065000 fd:00 1838109    /usr/lib/jvm/java-1.6.0-openjdk-1.6.0.0/jre/lib/ext/gnome-java-bridge.jar
b7816000-b7819000 r--s 0000f000 fd:00 1838112    /usr/lib/jvm/java-1.6.0-openjdk-1.6.0.0/jre/lib/ext/pulse-java.jar
b7819000-b784e000 r--s 00000000 fd:00 262518     /var/db/nscd/passwd
b784e000-b7851000 ---p 00000000 00:00 0 
b7851000-b78a8000 rw-p 00000000 00:00 0 
b78a8000-b78c2000 rw-p 00000000 00:00 0 
b78c2000-b78ca000 rw-s 00000000 fd:00 4194717    /tmp/hsperfdata_agaxx010/27454
b78ca000-b78cb000 rw-p 00000000 00:00 0 
b78cb000-b78cc000 r--p 00000000 00:00 0 
b78cc000-b78cd000 rw-p 00000000 00:00 0 
bfa1e000-bfa3f000 rw-p 00000000 00:00 0          [stack]

VM Arguments:
jvm_args: -Dccw.repl.launchid=9cca1b36-fee5-4031-b467-a0688e0ec1e3 -Dfile.encoding=UTF-8 
java_command: clojure.main -i /misc/home/agaxx010/.eclipse/155965261/plugins/ccw.core_0.11.1.STABLE001/ccw/debug/serverrepl.clj -e (require 'clojure.tools.nrepl.server)(do (clojure.tools.nrepl.server/start-server :ack-port 37753) nil)
Launcher Type: SUN_STANDARD

Environment Variables:
PATH=/home/agaxx010/local/bin:/usr/lib/qt-3.3/bin:/usr/lib/ccache:/usr/local/bin:/usr/bin:/bin:/usr/local/sbin:/usr/sbin:/sbin:/usr/lib/alliance/bin:/usr/libexec/sdcc:/home/agaxx010/bin
USERNAME=agaxx010
LD_LIBRARY_PATH=/usr/lib/jvm/java-1.6.0-openjdk-1.6.0.0/jre/lib/i386/client:/usr/lib/jvm/java-1.6.0-openjdk-1.6.0.0/jre/lib/i386:/usr/lib/jvm/java-1.6.0-openjdk-1.6.0.0/jre/../lib/i386:/usr/lib/jvm/java-1.6.0-openjdk-1.6.0.0/jre/lib/i386/client:/usr/lib/jvm/java-1.6.0-openjdk-1.6.0.0/jre/lib/i386:/usr/lib/alliance/lib:/usr/lib/xulrunner-1.9.2:/usr/lib/xulrunner-1.9.2
SHELL=/bin/bash
DISPLAY=:0.0

Signal Handlers:
SIGSEGV: [libjvm.so+0x3d8940], sa_mask[0]=0x7ffbfeff, sa_flags=0x10000004
SIGBUS: [libjvm.so+0x3d8940], sa_mask[0]=0x7ffbfeff, sa_flags=0x10000004
SIGFPE: [libjvm.so+0x2f9dd0], sa_mask[0]=0x7ffbfeff, sa_flags=0x10000004
SIGPIPE: [libjvm.so+0x2f9dd0], sa_mask[0]=0x7ffbfeff, sa_flags=0x10000004
SIGXFSZ: [libjvm.so+0x2f9dd0], sa_mask[0]=0x7ffbfeff, sa_flags=0x10000004
SIGILL: [libjvm.so+0x2f9dd0], sa_mask[0]=0x7ffbfeff, sa_flags=0x10000004
SIGUSR1: SIG_DFL, sa_mask[0]=0x00000000, sa_flags=0x00000000
SIGUSR2: [libjvm.so+0x2f9c40], sa_mask[0]=0x00000004, sa_flags=0x10000004
SIGHUP: [libjvm.so+0x2fc800], sa_mask[0]=0x7ffbfeff, sa_flags=0x10000004
SIGINT: [libjvm.so+0x2fc800], sa_mask[0]=0x7ffbfeff, sa_flags=0x10000004
SIGTERM: [libjvm.so+0x2fc800], sa_mask[0]=0x7ffbfeff, sa_flags=0x10000004
SIGQUIT: [libjvm.so+0x2fc800], sa_mask[0]=0x7ffbfeff, sa_flags=0x10000004


---------------  S Y S T E M  ---------------

OS:Fedora release 14 (Laughlin)

uname:Linux 2.6.35.6-45.fc14.i686 #1 SMP Mon Oct 18 23:56:17 UTC 2010 i686
libc:glibc 2.13 NPTL 2.13 
rlimit: STACK 8192k, CORE 0k, NPROC 1024, NOFILE 1024, AS infinity
load average:0.50 0.67 0.70

/proc/meminfo:
MemTotal:        1801880 kB
MemFree:          273264 kB
Buffers:          128792 kB
Cached:           536928 kB
SwapCached:          468 kB
Active:           823908 kB
Inactive:         540432 kB
Active(anon):     437444 kB
Inactive(anon):   266584 kB
Active(file):     386464 kB
Inactive(file):   273848 kB
Unevictable:           0 kB
Mlocked:               0 kB
HighTotal:        933448 kB
HighFree:          59680 kB
LowTotal:         868432 kB
LowFree:          213584 kB
SwapTotal:       5439484 kB
SwapFree:        5438432 kB
Dirty:               136 kB
Writeback:             0 kB
AnonPages:        698328 kB
Mapped:           122728 kB
Shmem:              5408 kB
Slab:              90464 kB
SReclaimable:      61596 kB
SUnreclaim:        28868 kB
KernelStack:        3808 kB
PageTables:        10200 kB
NFS_Unstable:          0 kB
Bounce:                0 kB
WritebackTmp:          0 kB
CommitLimit:     6340424 kB
Committed_AS:    2387144 kB
VmallocTotal:     122880 kB
VmallocUsed:       84888 kB
VmallocChunk:      30840 kB
HardwareCorrupted:     0 kB
HugePages_Total:       0
HugePages_Free:        0
HugePages_Rsvd:        0
HugePages_Surp:        0
Hugepagesize:       4096 kB
DirectMap4k:       16376 kB
DirectMap4M:      884736 kB


CPU:total 4 (4 cores per cpu, 1 threads per core) family 16 model 2 stepping 2, cmov, cx8, fxsr, mmx, sse, sse2, sse3, popcnt, mmxext, 3dnow, 3dnowext, lzcnt, sse4a

Memory: 4k page, physical 1801880k(273264k free), swap 5439484k(5438432k free)

vm_info: OpenJDK Client VM (19.0-b09) for linux-x86 JRE (1.6.0_20-b20), built on Jul 20 2011 16:46:32 by "mockbuild" with gcc 4.5.1 20100924 (Red Hat 4.5.1-4)

time: Thu Mar  7 14:46:12 2013
elapsed time: 2 seconds

